2024-08-01 14:33:32,833 [ERROR] No config (at gfa_actions.py)
2024-08-01 14:34:23,739 [ERROR] No config (at gfa_actions.py)
2024-08-01 14:34:39,158 [ERROR] No config (at gfa_actions.py)
2024-08-01 14:35:06,252 [INFO] Initializing gfa_controller (at gfa_actions.py)
2024-08-01 14:35:06,522 [INFO] Found 10 devices: (<pypylon.pylon.DeviceInfo; proxy of <Swig Object of type 'Pylon::CDeviceInfo *' at 0x7fa2d4d9a1e0> >, <pypylon.pylon.DeviceInfo; proxy of <Swig Object of type 'Pylon::CDeviceInfo *' at 0x7fa2d4d9a2a0> >, <pypylon.pylon.DeviceInfo; proxy of <Swig Object of type 'Pylon::CDeviceInfo *' at 0x7fa2d4d9a330> >, <pypylon.pylon.DeviceInfo; proxy of <Swig Object of type 'Pylon::CDeviceInfo *' at 0x7fa2d4d9a180> >, <pypylon.pylon.DeviceInfo; proxy of <Swig Object of type 'Pylon::CDeviceInfo *' at 0x7fa2d4d9a030> >, <pypylon.pylon.DeviceInfo; proxy of <Swig Object of type 'Pylon::CDeviceInfo *' at 0x7fa2d4d9a4e0> >, <pypylon.pylon.DeviceInfo; proxy of <Swig Object of type 'Pylon::CDeviceInfo *' at 0x7fa2d4d9a570> >, <pypylon.pylon.DeviceInfo; proxy of <Swig Object of type 'Pylon::CDeviceInfo *' at 0x7fa2d4d9a450> >, <pypylon.pylon.DeviceInfo; proxy of <Swig Object of type 'Pylon::CDeviceInfo *' at 0x7fa2d4d9a510> >, <pypylon.pylon.DeviceInfo; proxy of <Swig Object of type 'Pylon::CDeviceInfo *' at 0x7fa2d4d9a720> >) (at gfa_actions.py)
2024-08-01 14:35:06,522 [INFO] Pinging camera(s), CamNum=0 (at gfa_actions.py)
2024-08-01 14:36:00,079 [INFO] Initializing gfa_controller (at gfa_actions.py)
2024-08-01 14:36:00,605 [INFO] Found 10 devices: (<pypylon.pylon.DeviceInfo; proxy of <Swig Object of type 'Pylon::CDeviceInfo *' at 0x74994a4da1e0> >, <pypylon.pylon.DeviceInfo; proxy of <Swig Object of type 'Pylon::CDeviceInfo *' at 0x74994a4da2a0> >, <pypylon.pylon.DeviceInfo; proxy of <Swig Object of type 'Pylon::CDeviceInfo *' at 0x74994a4da330> >, <pypylon.pylon.DeviceInfo; proxy of <Swig Object of type 'Pylon::CDeviceInfo *' at 0x74994a4da180> >, <pypylon.pylon.DeviceInfo; proxy of <Swig Object of type 'Pylon::CDeviceInfo *' at 0x74994a4da030> >, <pypylon.pylon.DeviceInfo; proxy of <Swig Object of type 'Pylon::CDeviceInfo *' at 0x74994a4da4e0> >, <pypylon.pylon.DeviceInfo; proxy of <Swig Object of type 'Pylon::CDeviceInfo *' at 0x74994a4da570> >, <pypylon.pylon.DeviceInfo; proxy of <Swig Object of type 'Pylon::CDeviceInfo *' at 0x74994a4da450> >, <pypylon.pylon.DeviceInfo; proxy of <Swig Object of type 'Pylon::CDeviceInfo *' at 0x74994a4da510> >, <pypylon.pylon.DeviceInfo; proxy of <Swig Object of type 'Pylon::CDeviceInfo *' at 0x74994a4da720> >) (at gfa_actions.py)
2024-08-01 14:36:00,605 [INFO] Pinging camera(s), CamNum=0 (at gfa_actions.py)
2024-08-01 14:36:01,735 [INFO] Pinging camera 1 at 192.168.5.3, result: 256 (at gfa_actions.py)
2024-08-01 14:36:02,916 [INFO] Pinging camera 2 at 192.168.5.4, result: 256 (at gfa_actions.py)
2024-08-01 14:36:04,079 [INFO] Pinging camera 3 at 192.168.5.5, result: 256 (at gfa_actions.py)
2024-08-01 14:36:05,242 [INFO] Pinging camera 4 at 192.168.5.6, result: 256 (at gfa_actions.py)
2024-08-01 14:36:06,405 [INFO] Pinging camera 5 at 192.168.5.7, result: 256 (at gfa_actions.py)
2024-08-01 14:37:52,696 [INFO] Initializing gfa_controller (at gfa_actions.py)
2024-08-01 14:37:53,223 [INFO] Found 10 devices: (at gfa_actions.py)
2024-08-01 14:37:53,223 [INFO] Device: <pypylon.pylon.DeviceInfo; proxy of <Swig Object of type 'Pylon::CDeviceInfo *' at 0x745f5cb1a0f0> > (at gfa_actions.py)
2024-08-01 14:37:53,223 [INFO] Device: <pypylon.pylon.DeviceInfo; proxy of <Swig Object of type 'Pylon::CDeviceInfo *' at 0x745f5cb1a090> > (at gfa_actions.py)
2024-08-01 14:37:53,223 [INFO] Device: <pypylon.pylon.DeviceInfo; proxy of <Swig Object of type 'Pylon::CDeviceInfo *' at 0x745f5cb1a330> > (at gfa_actions.py)
2024-08-01 14:37:53,223 [INFO] Device: <pypylon.pylon.DeviceInfo; proxy of <Swig Object of type 'Pylon::CDeviceInfo *' at 0x745f5cb1a3c0> > (at gfa_actions.py)
2024-08-01 14:37:53,223 [INFO] Device: <pypylon.pylon.DeviceInfo; proxy of <Swig Object of type 'Pylon::CDeviceInfo *' at 0x745f5cb1a2a0> > (at gfa_actions.py)
2024-08-01 14:37:53,223 [INFO] Device: <pypylon.pylon.DeviceInfo; proxy of <Swig Object of type 'Pylon::CDeviceInfo *' at 0x745f5cb1a210> > (at gfa_actions.py)
2024-08-01 14:37:53,223 [INFO] Device: <pypylon.pylon.DeviceInfo; proxy of <Swig Object of type 'Pylon::CDeviceInfo *' at 0x745f5cb1a570> > (at gfa_actions.py)
2024-08-01 14:37:53,223 [INFO] Device: <pypylon.pylon.DeviceInfo; proxy of <Swig Object of type 'Pylon::CDeviceInfo *' at 0x745f5cb1a600> > (at gfa_actions.py)
2024-08-01 14:37:53,223 [INFO] Device: <pypylon.pylon.DeviceInfo; proxy of <Swig Object of type 'Pylon::CDeviceInfo *' at 0x745f5cb1a450> > (at gfa_actions.py)
2024-08-01 14:37:53,223 [INFO] Device: <pypylon.pylon.DeviceInfo; proxy of <Swig Object of type 'Pylon::CDeviceInfo *' at 0x745f5cb1a390> > (at gfa_actions.py)
2024-08-01 14:37:53,223 [INFO] Pinging camera(s), CamNum=0 (at gfa_actions.py)
2024-08-01 14:37:54,351 [INFO] Pinging camera 1 at 192.168.5.3, result: 256 (at gfa_actions.py)
2024-08-01 14:37:55,514 [INFO] Pinging camera 2 at 192.168.5.4, result: 256 (at gfa_actions.py)
2024-08-01 14:37:56,679 [INFO] Pinging camera 3 at 192.168.5.5, result: 256 (at gfa_actions.py)
2024-08-01 14:37:57,842 [INFO] Pinging camera 4 at 192.168.5.6, result: 256 (at gfa_actions.py)
2024-08-01 14:37:59,006 [INFO] Pinging camera 5 at 192.168.5.7, result: 256 (at gfa_actions.py)
2024-08-01 14:38:41,115 [INFO] Initializing gfa_controller (at gfa_actions.py)
2024-08-01 14:38:41,642 [INFO] Found 10 devices: (at gfa_actions.py)
2024-08-01 14:38:41,642 [INFO] Pinging camera(s), CamNum=0 (at gfa_actions.py)
2024-08-01 14:38:42,769 [INFO] Pinging camera 1 at 192.168.5.3, result: 256 (at gfa_actions.py)
2024-08-01 14:38:43,932 [INFO] Pinging camera 2 at 192.168.5.4, result: 256 (at gfa_actions.py)
2024-08-01 14:38:45,108 [INFO] Pinging camera 3 at 192.168.5.5, result: 256 (at gfa_actions.py)
2024-08-01 14:38:46,272 [INFO] Pinging camera 4 at 192.168.5.6, result: 256 (at gfa_actions.py)
2024-08-01 14:38:47,437 [INFO] Pinging camera 5 at 192.168.5.7, result: 256 (at gfa_actions.py)
2024-08-01 14:38:47,437 [INFO] Checking status of all cameras (at gfa_actions.py)
2024-08-01 14:38:47,566 [INFO] camera 40074358: standby (at gfa_actions.py)
2024-08-01 14:38:47,735 [INFO] camera 40103667: standby (at gfa_actions.py)
2024-08-01 14:38:47,895 [INFO] camera 40103831: standby (at gfa_actions.py)
2024-08-01 14:38:48,053 [INFO] camera 40103833: standby (at gfa_actions.py)
2024-08-01 14:38:48,210 [INFO] camera 40103834: standby (at gfa_actions.py)
2024-08-01 14:47:51,102 [INFO] Initializing gfa_controller (at gfa_actions.py)
2024-08-01 14:47:51,629 [INFO] Found 10 devices: (at gfa_actions.py)
2024-08-01 14:47:51,629 [INFO] Grabbing image from camera 1, ExpTime=0.1 (at gfa_actions.py)
2024-08-01 14:49:16,494 [INFO] Initializing gfa_controller (at gfa_actions.py)
2024-08-01 14:49:17,021 [INFO] Found 10 devices: (at gfa_actions.py)
2024-08-01 14:49:17,021 [INFO] Grabbing image from camera 1, ExpTime=0.1 (at gfa_actions.py)
2024-08-01 14:49:19,440 [INFO] Image from camera 1 saved to /home/kspec/mingyeong/kspec_gfa_controller/controller/src/save/2024-08-01_14:49:17_cam1_img.png (at gfa_actions.py)
2024-08-01 14:49:19,444 [INFO] Exposure time for camera 1: 0.1 sec (at gfa_actions.py)
2024-08-01 14:49:19,444 [INFO] Process time for camera 1: 2.422295570373535 (at gfa_actions.py)
2024-08-01 14:52:35,297 [INFO] Initializing gfa_controller (at gfa_actions.py)
2024-08-01 14:52:35,824 [INFO] Found 10 devices: (at gfa_actions.py)
2024-08-01 14:52:35,824 [INFO] Checking the parameters from camera 1 (at gfa_actions.py)
2024-08-01 14:52:36,595 [INFO] Camera Device Information (at gfa_actions.py)
2024-08-01 14:52:36,596 [INFO] ========================= (at gfa_actions.py)
2024-08-01 14:52:36,597 [INFO] DeviceModelName : a2A5328-4gmPRO (at gfa_actions.py)
2024-08-01 14:52:36,598 [INFO] DeviceSerialNumber : 40103667 (at gfa_actions.py)
2024-08-01 14:52:36,599 [INFO] DeviceUserID : 108121-01 (at gfa_actions.py)
2024-08-01 14:52:36,602 [INFO] Width : 5328 (at gfa_actions.py)
2024-08-01 14:52:36,605 [INFO] Height : 4608 (at gfa_actions.py)
2024-08-01 14:52:36,609 [INFO] PixelFormat : Mono8 (at gfa_actions.py)
2024-08-01 14:52:36,610 [INFO] ExposureTime (마이크로초) : 100000.0 (at gfa_actions.py)
2024-08-01 14:53:15,517 [INFO] Initializing gfa_controller (at gfa_actions.py)
2024-08-01 14:53:16,044 [INFO] Found 10 devices: (at gfa_actions.py)
2024-08-01 14:53:16,044 [INFO] Checking the parameters from camera 1 (at gfa_actions.py)
2024-08-01 14:53:16,812 [INFO] Camera Device Information (at gfa_actions.py)
2024-08-01 14:53:16,812 [INFO] ========================= (at gfa_actions.py)
2024-08-01 14:53:16,814 [INFO] DeviceModelName : a2A5328-4gmPRO (at gfa_actions.py)
2024-08-01 14:53:16,815 [INFO] DeviceSerialNumber : 40103667 (at gfa_actions.py)
2024-08-01 14:53:16,816 [INFO] DeviceUserID : 108121-01 (at gfa_actions.py)
2024-08-01 14:53:16,819 [INFO] Width : 5328 (at gfa_actions.py)
2024-08-01 14:53:16,821 [INFO] Height : 4608 (at gfa_actions.py)
2024-08-01 14:53:16,824 [INFO] PixelFormat : Mono8 (at gfa_actions.py)
2024-08-01 14:53:16,826 [INFO] ExposureTime (마이크로초) : 100000.0 (at gfa_actions.py)
2024-08-01 14:53:27,814 [INFO] Initializing gfa_controller (at gfa_actions.py)
2024-08-01 14:53:28,342 [INFO] Found 10 devices: (at gfa_actions.py)
2024-08-01 14:53:28,342 [INFO] Checking the parameters from camera 1 (at gfa_actions.py)
2024-08-01 14:53:29,113 [INFO] Camera Device Information (at gfa_actions.py)
2024-08-01 14:53:29,113 [INFO] ========================= (at gfa_actions.py)
2024-08-01 14:53:29,114 [INFO] DeviceModelName : a2A5328-4gmPRO (at gfa_actions.py)
2024-08-01 14:53:29,116 [INFO] DeviceSerialNumber : 40103667 (at gfa_actions.py)
2024-08-01 14:53:29,117 [INFO] DeviceUserID : 108121-01 (at gfa_actions.py)
2024-08-01 14:53:29,120 [INFO] Width : 5328 (at gfa_actions.py)
2024-08-01 14:53:29,122 [INFO] Height : 4608 (at gfa_actions.py)
2024-08-01 14:53:29,126 [INFO] PixelFormat : Mono8 (at gfa_actions.py)
2024-08-01 14:53:29,127 [INFO] ExposureTime (마이크로초) : 100000.0 (at gfa_actions.py)
2024-08-01 14:53:29,130 [INFO] Process time for camera 1: 0.788275957107544 (at gfa_actions.py)
2024-08-01 14:54:06,202 [INFO] Initializing gfa_controller (at gfa_actions.py)
2024-08-01 14:54:06,725 [INFO] Found 10 devices: (at gfa_actions.py)
2024-08-01 14:54:06,726 [INFO] Grabbing image from camera 2, ExpTime=0.1 (at gfa_actions.py)
2024-08-01 14:54:09,154 [INFO] Image from camera 2 saved to /home/kspec/mingyeong/kspec_gfa_controller/controller/src/save/2024-08-01_14:54:06_cam2_img.png (at gfa_actions.py)
2024-08-01 14:54:09,157 [INFO] Exposure time for camera 2: 0.1 sec (at gfa_actions.py)
2024-08-01 14:54:09,157 [INFO] Process time for camera 2: 2.431291103363037 (at gfa_actions.py)
2024-08-01 14:54:09,160 [INFO] Checking the parameters from camera 2 (at gfa_actions.py)
2024-08-01 14:54:09,937 [INFO] Camera Device Information (at gfa_actions.py)
2024-08-01 14:54:09,937 [INFO] ========================= (at gfa_actions.py)
2024-08-01 14:54:09,945 [INFO] DeviceModelName : a2A5328-4gmPRO (at gfa_actions.py)
2024-08-01 14:54:09,947 [INFO] DeviceSerialNumber : 40103831 (at gfa_actions.py)
2024-08-01 14:54:09,948 [INFO] DeviceUserID : 108121-06 (at gfa_actions.py)
2024-08-01 14:54:09,951 [INFO] Width : 5328 (at gfa_actions.py)
2024-08-01 14:54:09,954 [INFO] Height : 4608 (at gfa_actions.py)
2024-08-01 14:54:09,958 [INFO] PixelFormat : Mono8 (at gfa_actions.py)
2024-08-01 14:54:09,959 [INFO] ExposureTime (마이크로초) : 100000.0 (at gfa_actions.py)
2024-08-01 14:54:09,963 [INFO] Process time for camera 2: 0.802901029586792 (at gfa_actions.py)
2024-08-01 14:54:19,267 [INFO] Initializing gfa_controller (at gfa_actions.py)
2024-08-01 14:54:19,793 [INFO] Found 10 devices: (at gfa_actions.py)
2024-08-01 14:54:19,793 [INFO] Grabbing image from camera 3, ExpTime=0.1 (at gfa_actions.py)
2024-08-01 14:54:22,233 [INFO] Image from camera 3 saved to /home/kspec/mingyeong/kspec_gfa_controller/controller/src/save/2024-08-01_14:54:19_cam3_img.png (at gfa_actions.py)
2024-08-01 14:54:22,236 [INFO] Exposure time for camera 3: 0.1 sec (at gfa_actions.py)
2024-08-01 14:54:22,236 [INFO] Process time for camera 3: 2.4428534507751465 (at gfa_actions.py)
2024-08-01 14:54:22,239 [INFO] Checking the parameters from camera 3 (at gfa_actions.py)
2024-08-01 14:54:23,012 [INFO] Camera Device Information (at gfa_actions.py)
2024-08-01 14:54:23,012 [INFO] ========================= (at gfa_actions.py)
2024-08-01 14:54:23,014 [INFO] DeviceModelName : a2A5328-4gmPRO (at gfa_actions.py)
2024-08-01 14:54:23,015 [INFO] DeviceSerialNumber : 40103833 (at gfa_actions.py)
2024-08-01 14:54:23,016 [INFO] DeviceUserID : 108121-07 (at gfa_actions.py)
2024-08-01 14:54:23,019 [INFO] Width : 5328 (at gfa_actions.py)
2024-08-01 14:54:23,021 [INFO] Height : 4608 (at gfa_actions.py)
2024-08-01 14:54:23,024 [INFO] PixelFormat : Mono8 (at gfa_actions.py)
2024-08-01 14:54:23,026 [INFO] ExposureTime (마이크로초) : 100000.0 (at gfa_actions.py)
2024-08-01 14:54:23,029 [INFO] Process time for camera 3: 0.7899065017700195 (at gfa_actions.py)
2024-08-01 14:54:30,792 [INFO] Initializing gfa_controller (at gfa_actions.py)
2024-08-01 14:54:31,318 [INFO] Found 10 devices: (at gfa_actions.py)
2024-08-01 14:54:31,318 [INFO] Grabbing image from camera 4, ExpTime=0.1 (at gfa_actions.py)
2024-08-01 14:54:33,750 [INFO] Image from camera 4 saved to /home/kspec/mingyeong/kspec_gfa_controller/controller/src/save/2024-08-01_14:54:31_cam4_img.png (at gfa_actions.py)
2024-08-01 14:54:33,753 [INFO] Exposure time for camera 4: 0.1 sec (at gfa_actions.py)
2024-08-01 14:54:33,753 [INFO] Process time for camera 4: 2.4349145889282227 (at gfa_actions.py)
2024-08-01 14:54:33,756 [INFO] Checking the parameters from camera 4 (at gfa_actions.py)
2024-08-01 14:54:34,528 [INFO] Camera Device Information (at gfa_actions.py)
2024-08-01 14:54:34,528 [INFO] ========================= (at gfa_actions.py)
2024-08-01 14:54:34,529 [INFO] DeviceModelName : a2A5328-4gmPRO (at gfa_actions.py)
2024-08-01 14:54:34,530 [INFO] DeviceSerialNumber : 40103834 (at gfa_actions.py)
2024-08-01 14:54:34,532 [INFO] DeviceUserID : 108121-03 (at gfa_actions.py)
2024-08-01 14:54:34,534 [INFO] Width : 5328 (at gfa_actions.py)
2024-08-01 14:54:34,536 [INFO] Height : 4608 (at gfa_actions.py)
2024-08-01 14:54:34,540 [INFO] PixelFormat : Mono8 (at gfa_actions.py)
2024-08-01 14:54:34,541 [INFO] ExposureTime (마이크로초) : 100000.0 (at gfa_actions.py)
2024-08-01 14:54:34,545 [INFO] Process time for camera 4: 0.7885410785675049 (at gfa_actions.py)
2024-08-01 14:54:41,826 [INFO] Initializing gfa_controller (at gfa_actions.py)
2024-08-01 14:54:42,352 [INFO] Found 10 devices: (at gfa_actions.py)
2024-08-01 14:54:42,353 [INFO] Grabbing image from camera 5, ExpTime=0.1 (at gfa_actions.py)
2024-08-01 14:54:44,745 [INFO] Image from camera 5 saved to /home/kspec/mingyeong/kspec_gfa_controller/controller/src/save/2024-08-01_14:54:42_cam5_img.png (at gfa_actions.py)
2024-08-01 14:54:44,747 [INFO] Exposure time for camera 5: 0.1 sec (at gfa_actions.py)
2024-08-01 14:54:44,747 [INFO] Process time for camera 5: 2.394373655319214 (at gfa_actions.py)
2024-08-01 14:54:44,749 [INFO] Checking the parameters from camera 5 (at gfa_actions.py)
2024-08-01 14:54:45,480 [INFO] Camera Device Information (at gfa_actions.py)
2024-08-01 14:54:45,480 [INFO] ========================= (at gfa_actions.py)
2024-08-01 14:54:45,482 [INFO] DeviceModelName : a2A5328-4gmPRO (at gfa_actions.py)
2024-08-01 14:54:45,483 [INFO] DeviceSerialNumber : 40074358 (at gfa_actions.py)
2024-08-01 14:54:45,484 [INFO] DeviceUserID : 108121-02 (at gfa_actions.py)
2024-08-01 14:54:45,486 [INFO] Width : 5328 (at gfa_actions.py)
2024-08-01 14:54:45,489 [INFO] Height : 4608 (at gfa_actions.py)
2024-08-01 14:54:45,492 [INFO] PixelFormat : Mono8 (at gfa_actions.py)
2024-08-01 14:54:45,493 [INFO] ExposureTime (마이크로초) : 100000.0 (at gfa_actions.py)
2024-08-01 14:54:45,496 [INFO] Process time for camera 5: 0.7462022304534912 (at gfa_actions.py)
2024-08-01 14:54:51,671 [INFO] Initializing gfa_controller (at gfa_actions.py)
2024-08-01 14:54:52,197 [INFO] Found 10 devices: (at gfa_actions.py)
2024-08-01 14:54:52,197 [INFO] Grabbing image from camera 6, ExpTime=0.1 (at gfa_actions.py)
2024-08-01 15:25:20,174 [INFO] Initializing gfa_controller (at gfa_actions.py)
2024-08-01 15:25:20,701 [INFO] Found 10 devices: (at gfa_actions.py)
2024-08-01 15:26:58,666 [INFO] Initializing gfa_controller (at gfa_actions.py)
2024-08-01 15:26:59,192 [INFO] Found 10 devices: (at gfa_actions.py)
2024-08-01 15:26:59,192 [INFO] Grabbing images from all cameras, ExpTime=0.01 (at gfa_actions.py)
2024-08-01 15:28:48,872 [INFO] Initializing gfa_controller (at gfa_actions.py)
2024-08-01 15:28:49,401 [INFO] Found 10 devices: (at gfa_actions.py)
2024-08-01 15:28:49,401 [INFO] Grabbing images from all cameras, ExpTime=0.01 (at gfa_actions.py)
2024-08-01 15:29:13,226 [INFO] Initializing gfa_controller (at gfa_actions.py)
2024-08-01 15:29:13,753 [INFO] Found 10 devices: (at gfa_actions.py)
2024-08-01 15:29:13,754 [INFO] Grabbing images from all cameras, ExpTime=0.01 (at gfa_actions.py)
2024-08-01 15:29:15,060 [INFO] Opened camera: 40074358 (at gfa_actions.py)
2024-08-01 15:29:15,061 [INFO] Opened camera: 40103667 (at gfa_actions.py)
2024-08-01 15:29:15,061 [INFO] Opened camera: 40103831 (at gfa_actions.py)
2024-08-01 15:29:15,061 [INFO] Opened camera: 40103833 (at gfa_actions.py)
2024-08-01 15:29:15,061 [INFO] Opened camera: 40103834 (at gfa_actions.py)
2024-08-01 15:29:32,146 [INFO] Initializing gfa_controller (at gfa_actions.py)
2024-08-01 15:29:32,673 [INFO] Found 10 devices: (at gfa_actions.py)
2024-08-01 15:29:32,673 [INFO] Grabbing images from all cameras, ExpTime=0.01 (at gfa_actions.py)
2024-08-01 15:29:33,956 [ERROR] An unexpected error occurred with camera Basler Emulation (0815-0000): Node not existing (file 'genicam_wrap.cpp', line 16138) (at gfa_actions.py)
2024-08-01 15:29:33,964 [ERROR] An unexpected error occurred with camera Basler Emulation (0815-0001): Node not existing (file 'genicam_wrap.cpp', line 16138) (at gfa_actions.py)
2024-08-01 15:29:33,973 [ERROR] An unexpected error occurred with camera Basler Emulation (0815-0002): Node not existing (file 'genicam_wrap.cpp', line 16138) (at gfa_actions.py)
2024-08-01 15:29:33,981 [ERROR] An unexpected error occurred with camera Basler Emulation (0815-0003): Node not existing (file 'genicam_wrap.cpp', line 16138) (at gfa_actions.py)
2024-08-01 15:29:33,985 [ERROR] An unexpected error occurred with camera Basler Emulation (0815-0004): Node not existing (file 'genicam_wrap.cpp', line 16138) (at gfa_actions.py)
2024-08-01 15:29:33,986 [INFO] Opened camera: 40074358 (at gfa_actions.py)
2024-08-01 15:29:33,986 [INFO] Opened camera: 40103667 (at gfa_actions.py)
2024-08-01 15:29:33,986 [INFO] Opened camera: 40103831 (at gfa_actions.py)
2024-08-01 15:29:33,987 [INFO] Opened camera: 40103833 (at gfa_actions.py)
2024-08-01 15:29:33,987 [INFO] Opened camera: 40103834 (at gfa_actions.py)
2024-08-01 15:29:35,736 [INFO] Image saved for camera: 40074358 (at gfa_actions.py)
2024-08-01 15:29:37,025 [INFO] Image saved for camera: 40103831 (at gfa_actions.py)
2024-08-01 15:29:38,931 [INFO] Image saved for camera: 40103667 (at gfa_actions.py)
2024-08-01 15:29:41,450 [INFO] Image saved for camera: 40103834 (at gfa_actions.py)
2024-08-01 15:29:44,585 [INFO] Image saved for camera: 40103833 (at gfa_actions.py)
2024-08-01 15:29:44,590 [INFO] Final process time for graball: 11.917290925979614 (at gfa_actions.py)
2024-08-01 15:32:35,762 [INFO] Initializing gfa_controller (at gfa_actions.py)
2024-08-01 15:32:36,290 [INFO] Found 10 devices: (at gfa_actions.py)
2024-08-01 15:32:36,290 [INFO] Grabbing images from all cameras, ExpTime=0.01 (at gfa_actions.py)
2024-08-01 15:32:36,507 [INFO] Camera 108121-02 (40074358) opened in 0.09 seconds (at gfa_actions.py)
2024-08-01 15:32:36,769 [INFO] Camera 108121-01 (40103667) opened in 0.10 seconds (at gfa_actions.py)
2024-08-01 15:32:37,028 [INFO] Camera 108121-06 (40103831) opened in 0.10 seconds (at gfa_actions.py)
2024-08-01 15:32:37,286 [INFO] Camera 108121-07 (40103833) opened in 0.10 seconds (at gfa_actions.py)
2024-08-01 15:32:37,567 [INFO] Camera 108121-03 (40103834) opened in 0.10 seconds (at gfa_actions.py)
2024-08-01 15:32:37,576 [INFO] Camera Basler Emulation (0815-0000) opened in 0.00 seconds (at gfa_actions.py)
2024-08-01 15:32:37,577 [ERROR] An unexpected error occurred with camera Basler Emulation (0815-0000): Node not existing (file 'genicam_wrap.cpp', line 16138) (at gfa_actions.py)
2024-08-01 15:32:37,584 [INFO] Camera Basler Emulation (0815-0001) opened in 0.00 seconds (at gfa_actions.py)
2024-08-01 15:32:37,585 [ERROR] An unexpected error occurred with camera Basler Emulation (0815-0001): Node not existing (file 'genicam_wrap.cpp', line 16138) (at gfa_actions.py)
2024-08-01 15:32:37,589 [INFO] Camera Basler Emulation (0815-0002) opened in 0.00 seconds (at gfa_actions.py)
2024-08-01 15:32:37,589 [ERROR] An unexpected error occurred with camera Basler Emulation (0815-0002): Node not existing (file 'genicam_wrap.cpp', line 16138) (at gfa_actions.py)
2024-08-01 15:32:37,592 [INFO] Camera Basler Emulation (0815-0003) opened in 0.00 seconds (at gfa_actions.py)
2024-08-01 15:32:37,592 [ERROR] An unexpected error occurred with camera Basler Emulation (0815-0003): Node not existing (file 'genicam_wrap.cpp', line 16138) (at gfa_actions.py)
2024-08-01 15:32:37,597 [INFO] Camera Basler Emulation (0815-0004) opened in 0.00 seconds (at gfa_actions.py)
2024-08-01 15:32:37,597 [ERROR] An unexpected error occurred with camera Basler Emulation (0815-0004): Node not existing (file 'genicam_wrap.cpp', line 16138) (at gfa_actions.py)
2024-08-01 15:32:37,599 [INFO] Opened camera: 40074358 (at gfa_actions.py)
2024-08-01 15:32:37,599 [INFO] Opened camera: 40103667 (at gfa_actions.py)
2024-08-01 15:32:37,600 [INFO] Opened camera: 40103831 (at gfa_actions.py)
2024-08-01 15:32:37,600 [INFO] Opened camera: 40103833 (at gfa_actions.py)
2024-08-01 15:32:37,601 [INFO] Opened camera: 40103834 (at gfa_actions.py)
2024-08-01 15:32:38,661 [INFO] Image grabbed from camera: 40074358 in 1.05 seconds (at gfa_actions.py)
2024-08-01 15:32:39,367 [INFO] Image saved for camera: 40074358 in 0.71 seconds (at gfa_actions.py)
2024-08-01 15:32:39,377 [INFO] Image grabbed from camera: 40103667 in 1.77 seconds (at gfa_actions.py)
2024-08-01 15:32:40,668 [INFO] Image saved for camera: 40103667 in 1.29 seconds (at gfa_actions.py)
2024-08-01 15:32:40,674 [INFO] Image grabbed from camera: 40103831 in 3.06 seconds (at gfa_actions.py)
2024-08-01 15:32:42,565 [INFO] Image saved for camera: 40103831 in 1.89 seconds (at gfa_actions.py)
2024-08-01 15:32:42,572 [INFO] Image grabbed from camera: 40103833 in 4.96 seconds (at gfa_actions.py)
2024-08-01 15:32:45,081 [INFO] Image saved for camera: 40103833 in 2.51 seconds (at gfa_actions.py)
2024-08-01 15:32:45,088 [INFO] Image grabbed from camera: 40103834 in 7.48 seconds (at gfa_actions.py)
2024-08-01 15:32:48,209 [INFO] Image saved for camera: 40103834 in 3.12 seconds (at gfa_actions.py)
2024-08-01 15:32:48,214 [INFO] Final process time for graball: 11.92 seconds (at gfa_actions.py)
2024-08-01 15:34:04,343 [INFO] Initializing gfa_controller (at gfa_actions.py)
2024-08-01 15:34:04,870 [INFO] Found 10 devices: (at gfa_actions.py)
2024-08-01 15:34:04,870 [INFO] Grabbing images from all cameras, ExpTime=0.01 (at gfa_actions.py)
2024-08-01 15:34:05,092 [INFO] Camera 108121-02 (40074358) opened in 0.09 seconds (at gfa_actions.py)
2024-08-01 15:34:05,346 [INFO] Camera 108121-01 (40103667) opened in 0.10 seconds (at gfa_actions.py)
2024-08-01 15:34:05,609 [INFO] Camera 108121-06 (40103831) opened in 0.10 seconds (at gfa_actions.py)
2024-08-01 15:34:05,867 [INFO] Camera 108121-07 (40103833) opened in 0.10 seconds (at gfa_actions.py)
2024-08-01 15:34:06,151 [INFO] Camera 108121-03 (40103834) opened in 0.10 seconds (at gfa_actions.py)
2024-08-01 15:34:06,157 [INFO] Camera Basler Emulation (0815-0000) opened in 0.00 seconds (at gfa_actions.py)
2024-08-01 15:34:06,157 [ERROR] An unexpected error occurred with camera Basler Emulation (0815-0000): Node not existing (file 'genicam_wrap.cpp', line 16138) (at gfa_actions.py)
2024-08-01 15:34:06,159 [INFO] Camera Basler Emulation (0815-0001) opened in 0.00 seconds (at gfa_actions.py)
2024-08-01 15:34:06,159 [ERROR] An unexpected error occurred with camera Basler Emulation (0815-0001): Node not existing (file 'genicam_wrap.cpp', line 16138) (at gfa_actions.py)
2024-08-01 15:34:06,165 [INFO] Camera Basler Emulation (0815-0002) opened in 0.00 seconds (at gfa_actions.py)
2024-08-01 15:34:06,165 [ERROR] An unexpected error occurred with camera Basler Emulation (0815-0002): Node not existing (file 'genicam_wrap.cpp', line 16138) (at gfa_actions.py)
2024-08-01 15:34:06,172 [INFO] Camera Basler Emulation (0815-0003) opened in 0.00 seconds (at gfa_actions.py)
2024-08-01 15:34:06,173 [ERROR] An unexpected error occurred with camera Basler Emulation (0815-0003): Node not existing (file 'genicam_wrap.cpp', line 16138) (at gfa_actions.py)
2024-08-01 15:34:06,177 [INFO] Camera Basler Emulation (0815-0004) opened in 0.00 seconds (at gfa_actions.py)
2024-08-01 15:34:06,177 [ERROR] An unexpected error occurred with camera Basler Emulation (0815-0004): Node not existing (file 'genicam_wrap.cpp', line 16138) (at gfa_actions.py)
2024-08-01 15:34:06,177 [INFO] Opened camera: 40074358 (at gfa_actions.py)
2024-08-01 15:34:06,177 [INFO] Opened camera: 40103667 (at gfa_actions.py)
2024-08-01 15:34:06,178 [INFO] Opened camera: 40103831 (at gfa_actions.py)
2024-08-01 15:34:06,178 [INFO] Opened camera: 40103833 (at gfa_actions.py)
2024-08-01 15:34:06,178 [INFO] Opened camera: 40103834 (at gfa_actions.py)
2024-08-01 15:34:06,178 [INFO] Closed camera: Basler Emulation (0815-0000) (at gfa_actions.py)
2024-08-01 15:34:06,179 [INFO] Closed camera: Basler Emulation (0815-0001) (at gfa_actions.py)
2024-08-01 15:34:06,180 [INFO] Closed camera: Basler Emulation (0815-0002) (at gfa_actions.py)
2024-08-01 15:34:06,181 [INFO] Closed camera: Basler Emulation (0815-0003) (at gfa_actions.py)
2024-08-01 15:34:06,181 [INFO] Closed camera: Basler Emulation (0815-0004) (at gfa_actions.py)
2024-08-01 15:34:07,230 [INFO] Image grabbed from camera: 40074358 in 1.04 seconds (at gfa_actions.py)
2024-08-01 15:34:07,918 [INFO] Image saved for camera: 40074358 in 0.69 seconds (at gfa_actions.py)
2024-08-01 15:34:07,924 [INFO] Image grabbed from camera: 40103667 in 1.74 seconds (at gfa_actions.py)
2024-08-01 15:34:09,209 [INFO] Image saved for camera: 40103667 in 1.28 seconds (at gfa_actions.py)
2024-08-01 15:34:09,211 [INFO] Image grabbed from camera: 40103831 in 3.02 seconds (at gfa_actions.py)
2024-08-01 15:34:11,101 [INFO] Image saved for camera: 40103831 in 1.89 seconds (at gfa_actions.py)
2024-08-01 15:34:11,103 [INFO] Image grabbed from camera: 40103833 in 4.92 seconds (at gfa_actions.py)
2024-08-01 15:34:13,612 [INFO] Image saved for camera: 40103833 in 2.51 seconds (at gfa_actions.py)
2024-08-01 15:34:13,614 [INFO] Image grabbed from camera: 40103834 in 7.43 seconds (at gfa_actions.py)
2024-08-01 15:34:16,744 [INFO] Image saved for camera: 40103834 in 3.13 seconds (at gfa_actions.py)
2024-08-01 15:34:16,744 [INFO] Closed camera: 108121-02 (40074358) (at gfa_actions.py)
2024-08-01 15:34:16,747 [INFO] Closed camera: 108121-01 (40103667) (at gfa_actions.py)
2024-08-01 15:34:16,749 [INFO] Closed camera: 108121-06 (40103831) (at gfa_actions.py)
2024-08-01 15:34:16,751 [INFO] Closed camera: 108121-07 (40103833) (at gfa_actions.py)
2024-08-01 15:34:16,753 [INFO] Closed camera: 108121-03 (40103834) (at gfa_actions.py)
2024-08-01 15:34:16,756 [INFO] Final process time for graball: 11.89 seconds (at gfa_actions.py)
2024-08-01 15:39:13,344 [ERROR] No config (at gfa_actions.py)
2024-08-01 15:40:14,552 [INFO] Initializing gfa_controller (at gfa_actions.py)
2024-08-01 15:40:15,079 [INFO] Found 10 devices: (at gfa_actions.py)
2024-08-01 15:40:15,079 [INFO] Checking status of all cameras (at gfa_actions.py)
2024-08-01 15:40:15,204 [INFO] camera 40074358: standby (at gfa_actions.py)
2024-08-01 15:40:15,375 [INFO] camera 40103667: standby (at gfa_actions.py)
2024-08-01 15:40:15,532 [INFO] camera 40103831: standby (at gfa_actions.py)
2024-08-01 15:40:15,694 [INFO] camera 40103833: standby (at gfa_actions.py)
2024-08-01 15:40:15,851 [INFO] camera 40103834: standby (at gfa_actions.py)
2024-08-01 15:43:30,590 [INFO] Initializing gfa_controller (at gfa_actions.py)
2024-08-01 15:43:31,118 [INFO] Found 10 devices: (at gfa_actions.py)
2024-08-01 15:43:31,118 [INFO] Checking status of all cameras (at gfa_actions.py)
2024-08-01 15:43:31,244 [INFO] camera 40074358: standby (at gfa_actions.py)
2024-08-01 15:43:31,402 [INFO] camera 40103667: standby (at gfa_actions.py)
2024-08-01 15:43:31,559 [INFO] camera 40103831: standby (at gfa_actions.py)
2024-08-01 15:43:31,716 [INFO] camera 40103833: standby (at gfa_actions.py)
2024-08-01 15:43:31,873 [INFO] camera 40103834: standby (at gfa_actions.py)
2024-08-01 15:48:50,777 [INFO] Initializing gfa_controller (at gfa_actions.py)
2024-08-01 15:48:51,818 [INFO] Found 10 devices. (at gfa_actions.py)
2024-08-01 15:48:51,818 [INFO] Checking status of all cameras (at gfa_actions.py)
2024-08-01 15:48:51,818 [INFO] Camera 40074358: standby (at gfa_actions.py)
2024-08-01 15:48:51,819 [INFO] Camera 40103667: standby (at gfa_actions.py)
2024-08-01 15:48:51,819 [INFO] Camera 40103831: standby (at gfa_actions.py)
2024-08-01 15:48:51,819 [INFO] Camera 40103833: standby (at gfa_actions.py)
2024-08-01 15:48:51,819 [INFO] Camera 40103834: standby (at gfa_actions.py)
2024-08-01 15:49:03,509 [INFO] Initializing gfa_controller (at gfa_actions.py)
2024-08-01 15:49:04,538 [INFO] Found 10 devices. (at gfa_actions.py)
2024-08-01 15:49:04,539 [INFO] Checking status of all cameras (at gfa_actions.py)
2024-08-01 15:49:04,539 [INFO] Camera 40074358: standby (at gfa_actions.py)
2024-08-01 15:49:04,539 [INFO] Camera 40103667: standby (at gfa_actions.py)
2024-08-01 15:49:04,539 [INFO] Camera 40103831: standby (at gfa_actions.py)
2024-08-01 15:49:04,539 [INFO] Camera 40103833: standby (at gfa_actions.py)
2024-08-01 15:49:04,539 [INFO] Camera 40103834: standby (at gfa_actions.py)
2024-08-01 15:49:04,539 [INFO] Pinging camera(s), CamNum=0 (at gfa_actions.py)
2024-08-01 15:49:32,953 [INFO] Initializing gfa_controller (at gfa_actions.py)
2024-08-01 15:49:33,997 [INFO] Found 10 devices. (at gfa_actions.py)
2024-08-01 15:49:33,997 [INFO] Checking status of all cameras (at gfa_actions.py)
2024-08-01 15:49:33,997 [INFO] Camera 40074358: standby (at gfa_actions.py)
2024-08-01 15:49:33,997 [INFO] Camera 40103667: standby (at gfa_actions.py)
2024-08-01 15:49:33,997 [INFO] Camera 40103831: standby (at gfa_actions.py)
2024-08-01 15:49:33,997 [INFO] Camera 40103833: standby (at gfa_actions.py)
2024-08-01 15:49:33,997 [INFO] Camera 40103834: standby (at gfa_actions.py)
2024-08-01 15:49:33,998 [INFO] Pinging camera(s), CamNum=0 (at gfa_actions.py)
2024-08-01 15:50:33,684 [INFO] Initializing gfa_controller (at gfa_actions.py)
2024-08-01 15:50:34,212 [INFO] Found 10 devices: (at gfa_actions.py)
2024-08-01 15:50:34,212 [INFO] Checking status of all cameras (at gfa_actions.py)
2024-08-01 15:50:34,341 [INFO] camera 40074358: standby (at gfa_actions.py)
2024-08-01 15:50:34,502 [INFO] camera 40103667: standby (at gfa_actions.py)
2024-08-01 15:50:34,661 [INFO] camera 40103831: standby (at gfa_actions.py)
2024-08-01 15:50:34,830 [INFO] camera 40103833: standby (at gfa_actions.py)
2024-08-01 15:50:34,999 [INFO] camera 40103834: standby (at gfa_actions.py)
2024-08-01 15:50:34,999 [INFO] Pinging camera(s), CamNum=0 (at gfa_actions.py)
2024-08-01 15:50:36,127 [INFO] Pinging camera 1 at 192.168.5.3, result: 256 (at gfa_actions.py)
2024-08-01 15:50:37,295 [INFO] Pinging camera 2 at 192.168.5.4, result: 256 (at gfa_actions.py)
2024-08-01 15:50:38,459 [INFO] Pinging camera 3 at 192.168.5.5, result: 256 (at gfa_actions.py)
2024-08-01 15:50:39,623 [INFO] Pinging camera 4 at 192.168.5.6, result: 256 (at gfa_actions.py)
2024-08-01 15:50:40,792 [INFO] Pinging camera 5 at 192.168.5.7, result: 256 (at gfa_actions.py)
2024-08-01 15:51:32,489 [INFO] Initializing gfa_controller (at gfa_actions.py)
2024-08-01 15:51:33,514 [INFO] Found 10 devices. (at gfa_actions.py)
2024-08-01 15:51:33,514 [INFO] Checking status of all cameras (at gfa_actions.py)
2024-08-01 15:51:50,493 [INFO] Initializing gfa_controller (at gfa_actions.py)
2024-08-01 15:51:51,025 [INFO] Found 10 devices: (at gfa_actions.py)
2024-08-01 15:51:51,026 [INFO] Checking status of all cameras (at gfa_actions.py)
2024-08-01 15:51:51,151 [INFO] camera 40074358: standby (at gfa_actions.py)
2024-08-01 15:51:51,307 [INFO] camera 40103667: standby (at gfa_actions.py)
2024-08-01 15:51:51,465 [INFO] camera 40103831: standby (at gfa_actions.py)
2024-08-01 15:51:51,623 [INFO] camera 40103833: standby (at gfa_actions.py)
2024-08-01 15:51:51,783 [INFO] camera 40103834: standby (at gfa_actions.py)
2024-08-01 15:51:51,784 [INFO] Pinging camera(s), CamNum=0 (at gfa_actions.py)
2024-08-01 15:51:52,918 [INFO] Pinging camera 1 at 192.168.5.3, result: 256 (at gfa_actions.py)
2024-08-01 15:51:54,086 [INFO] Pinging camera 2 at 192.168.5.4, result: 256 (at gfa_actions.py)
2024-08-01 15:51:55,250 [INFO] Pinging camera 3 at 192.168.5.5, result: 256 (at gfa_actions.py)
2024-08-01 15:51:56,416 [INFO] Pinging camera 4 at 192.168.5.6, result: 256 (at gfa_actions.py)
2024-08-01 15:51:57,580 [INFO] Pinging camera 5 at 192.168.5.7, result: 256 (at gfa_actions.py)
